#-----------------------------------------------------------
# Vivado v2021.2 (64-bit)
# SW Build 3367213 on Tue Oct 19 02:48:09 MDT 2021
# IP Build 3369179 on Thu Oct 21 08:25:16 MDT 2021
# Start of session at: Fri Apr  1 11:21:27 2022
# Process ID: 50284
# Current directory: C:/Users/JideO/Downloads/PongGame0
# Command line: vivado.exe -gui_launcher_event rodinguilauncherevent62104 C:\Users\JideO\Downloads\PongGame0\lab5_1.xpr
# Log file: C:/Users/JideO/Downloads/PongGame0/vivado.log
# Journal file: C:/Users/JideO/Downloads/PongGame0\vivado.jou
# Running On: TrimlessPC, OS: Windows, CPU Frequency: 2296 MHz, CPU Physical cores: 8, Host memory: 16978 MB
#-----------------------------------------------------------
start_gui
open_project C:/Users/JideO/Downloads/PongGame0/lab5_1.xpr
Scanning sources...
Finished scanning sources
WARNING: [Board 49-26] cannot add Board Part digilentinc.com:arty-s7-25:part0:1.0 available at C:/Xilinx/Vivado/2021.2/data/boards/board_files/arty-s7-25/E.0/board.xml as part xc7s25csga324-1 specified in board_part file is either invalid or not available
WARNING: [Board 49-26] cannot add Board Part digilentinc.com:arty-s7-50:part0:1.0 available at C:/Xilinx/Vivado/2021.2/data/boards/board_files/arty-s7-50/B.0/board.xml as part xc7s50csga324-1 specified in board_part file is either invalid or not available
WARNING: [Board 49-26] cannot add Board Part digilentinc.com:arty-z7-10:part0:1.0 available at C:/Xilinx/Vivado/2021.2/data/boards/board_files/arty-z7-10/A.0/board.xml as part xc7z010clg400-1 specified in board_part file is either invalid or not available
WARNING: [Board 49-26] cannot add Board Part digilentinc.com:arty-z7-20:part0:1.0 available at C:/Xilinx/Vivado/2021.2/data/boards/board_files/arty-z7-20/A.0/board.xml as part xc7z020clg400-1 specified in board_part file is either invalid or not available
WARNING: [Board 49-26] cannot add Board Part digilentinc.com:cmod-s7-25:part0:1.0 available at C:/Xilinx/Vivado/2021.2/data/boards/board_files/cmod-s7-25/B.0/board.xml as part xc7s25csga225-1 specified in board_part file is either invalid or not available
WARNING: [Board 49-26] cannot add Board Part digilentinc.com:cora-z7-07s:part0:1.0 available at C:/Xilinx/Vivado/2021.2/data/boards/board_files/cora-z7-07s/B.0/board.xml as part xc7z007sclg400-1 specified in board_part file is either invalid or not available
WARNING: [Board 49-26] cannot add Board Part digilentinc.com:cora-z7-10:part0:1.0 available at C:/Xilinx/Vivado/2021.2/data/boards/board_files/cora-z7-10/B.0/board.xml as part xc7z010clg400-1 specified in board_part file is either invalid or not available
WARNING: [Board 49-26] cannot add Board Part digilentinc.com:eclypse-z7:part0:1.0 available at C:/Xilinx/Vivado/2021.2/data/boards/board_files/eclypse-z7/A.0/board.xml as part xc7z020clg484-1 specified in board_part file is either invalid or not available
WARNING: [Board 49-26] cannot add Board Part digilentinc.com:eclypse-z7:part0:1.1 available at C:/Xilinx/Vivado/2021.2/data/boards/board_files/eclypse-z7/B.0/board.xml as part xc7z020clg484-1 specified in board_part file is either invalid or not available
WARNING: [Board 49-26] cannot add Board Part digilentinc.com:genesys2:part0:1.1 available at C:/Xilinx/Vivado/2021.2/data/boards/board_files/genesys2/H/board.xml as part xc7k325tffg900-2 specified in board_part file is either invalid or not available
WARNING: [Board 49-26] cannot add Board Part digilentinc.com:gzu_3eg:part0:1.0 available at C:/Xilinx/Vivado/2021.2/data/boards/board_files/genesys-zu-3eg/B.0/board.xml as part xczu3eg-sfvc784-1-e specified in board_part file is either invalid or not available
WARNING: [Board 49-26] cannot add Board Part digilentinc.com:gzu_3eg:part0:1.1 available at C:/Xilinx/Vivado/2021.2/data/boards/board_files/genesys-zu-3eg/D.0/board.xml as part xczu3eg-sfvc784-1-e specified in board_part file is either invalid or not available
WARNING: [Board 49-26] cannot add Board Part digilentinc.com:gzu_5ev:part0:1.1 available at C:/Xilinx/Vivado/2021.2/data/boards/board_files/genesys-zu-5ev/C.0/board.xml as part xczu5ev-sfvc784-1-e specified in board_part file is either invalid or not available
WARNING: [Board 49-26] cannot add Board Part digilentinc.com:sword:part0:1.0 available at C:/Xilinx/Vivado/2021.2/data/boards/board_files/sword/C.0/board.xml as part xc7k325tffg900-2 specified in board_part file is either invalid or not available
WARNING: [Board 49-26] cannot add Board Part digilentinc.com:zedboard:part0:1.0 available at C:/Xilinx/Vivado/2021.2/data/boards/board_files/zedboard/1.3/board.xml as part xc7z020clg484-1 specified in board_part file is either invalid or not available
WARNING: [Board 49-26] cannot add Board Part digilentinc.com:zybo-z7-10:part0:1.0 available at C:/Xilinx/Vivado/2021.2/data/boards/board_files/zybo-z7-10/A.0/board.xml as part xc7z010clg400-1 specified in board_part file is either invalid or not available
WARNING: [Board 49-26] cannot add Board Part digilentinc.com:zybo-z7-20:part0:1.0 available at C:/Xilinx/Vivado/2021.2/data/boards/board_files/zybo-z7-20/A.0/board.xml as part xc7z020clg400-1 specified in board_part file is either invalid or not available
WARNING: [Board 49-26] cannot add Board Part digilentinc.com:zybo:part0:1.0 available at C:/Xilinx/Vivado/2021.2/data/boards/board_files/zybo/B.3/board.xml as part xc7z010clg400-1 specified in board_part file is either invalid or not available
WARNING: [Board 49-26] cannot add Board Part digilentinc.com:zybo:part0:2.0 available at C:/Xilinx/Vivado/2021.2/data/boards/board_files/zybo/B.4/board.xml as part xc7z010clg400-1 specified in board_part file is either invalid or not available
WARNING: [Board 49-26] cannot add Board Part xilinx.com:kc705:part0:1.6 available at C:/Xilinx/Vivado/2021.2/data/xhub/boards/XilinxBoardStore/boards/Xilinx/kc705/1.6/board.xml as part xc7k325tffg900-2 specified in board_part file is either invalid or not available
WARNING: [Board 49-26] cannot add Board Part xilinx.com:kcu105:part0:1.6 available at C:/Xilinx/Vivado/2021.2/data/xhub/boards/XilinxBoardStore/boards/Xilinx/kcu105/1.6/board.xml as part xcku040-ffva1156-2-e specified in board_part file is either invalid or not available
WARNING: [Board 49-26] cannot add Board Part xilinx.com:kcu105:part0:1.7 available at C:/Xilinx/Vivado/2021.2/data/xhub/boards/XilinxBoardStore/boards/Xilinx/kcu105/1.7/board.xml as part xcku040-ffva1156-2-e specified in board_part file is either invalid or not available
WARNING: [Board 49-26] cannot add Board Part xilinx.com:kcu116:part0:1.4 available at C:/Xilinx/Vivado/2021.2/data/xhub/boards/XilinxBoardStore/boards/Xilinx/kcu116/1.4/board.xml as part xcku5p-ffvb676-2-e specified in board_part file is either invalid or not available
WARNING: [Board 49-26] cannot add Board Part xilinx.com:kcu116:part0:1.5 available at C:/Xilinx/Vivado/2021.2/data/xhub/boards/XilinxBoardStore/boards/Xilinx/kcu116/1.5/board.xml as part xcku5p-ffvb676-2-e specified in board_part file is either invalid or not available
WARNING: [Board 49-26] cannot add Board Part xilinx.com:kcu1500:part0:1.2 available at C:/Xilinx/Vivado/2021.2/data/xhub/boards/XilinxBoardStore/boards/Xilinx/kcu1500/1.2/board.xml as part xcku115-flvb2104-2-e specified in board_part file is either invalid or not available
WARNING: [Board 49-26] cannot add Board Part xilinx.com:sp701:part0:1.0 available at C:/Xilinx/Vivado/2021.2/data/xhub/boards/XilinxBoardStore/boards/Xilinx/sp701/1.0/board.xml as part xc7s100fgga676-2 specified in board_part file is either invalid or not available
WARNING: [Board 49-26] cannot add Board Part xilinx.com:sp701:part0:1.1 available at C:/Xilinx/Vivado/2021.2/data/xhub/boards/XilinxBoardStore/boards/Xilinx/sp701/1.1/board.xml as part xc7s100fgga676-2 specified in board_part file is either invalid or not available
WARNING: [Board 49-26] cannot add Board Part xilinx.com:vc707:part0:1.4 available at C:/Xilinx/Vivado/2021.2/data/xhub/boards/XilinxBoardStore/boards/Xilinx/vc707/1.4/board.xml as part xc7vx485tffg1761-2 specified in board_part file is either invalid or not available
WARNING: [Board 49-26] cannot add Board Part xilinx.com:vc709:part0:1.8 available at C:/Xilinx/Vivado/2021.2/data/xhub/boards/XilinxBoardStore/boards/Xilinx/vc709/1.8/board.xml as part xc7vx690tffg1761-2 specified in board_part file is either invalid or not available
WARNING: [Board 49-26] cannot add Board Part xilinx.com:vck190:part0:2.2 available at C:/Xilinx/Vivado/2021.2/data/xhub/boards/XilinxBoardStore/boards/Xilinx/vck190/production/2.2/board.xml as part xcvc1902-vsva2197-2mp-e-s specified in board_part file is either invalid or not available
WARNING: [Board 49-26] cannot add Board Part xilinx.com:vck190_es:part0:1.3 available at C:/Xilinx/Vivado/2021.2/data/xhub/boards/XilinxBoardStore/boards/Xilinx/vck190/es/1.3/board.xml as part xcvc1902-vsva2197-2mp-e-s-es1 specified in board_part file is either invalid or not available
WARNING: [Board 49-26] cannot add Board Part xilinx.com:vcu108:part0:1.6 available at C:/Xilinx/Vivado/2021.2/data/xhub/boards/XilinxBoardStore/boards/Xilinx/vcu108/1.6/board.xml as part xcvu095-ffva2104-2-e specified in board_part file is either invalid or not available
WARNING: [Board 49-26] cannot add Board Part xilinx.com:vcu108:part0:1.7 available at C:/Xilinx/Vivado/2021.2/data/xhub/boards/XilinxBoardStore/boards/Xilinx/vcu108/1.7/board.xml as part xcvu095-ffva2104-2-e specified in board_part file is either invalid or not available
WARNING: [Board 49-26] cannot add Board Part xilinx.com:vcu110:part0:1.4 available at C:/Xilinx/Vivado/2021.2/data/xhub/boards/XilinxBoardStore/boards/Xilinx/vcu110/1.4/board.xml as part xcvu190-flgc2104-2-e specified in board_part file is either invalid or not available
WARNING: [Board 49-26] cannot add Board Part xilinx.com:vcu118:part0:2.0 available at C:/Xilinx/Vivado/2021.2/data/xhub/boards/XilinxBoardStore/boards/Xilinx/vcu118/2.0/board.xml as part xcvu9p-flga2104-2l-e specified in board_part file is either invalid or not available
WARNING: [Board 49-26] cannot add Board Part xilinx.com:vcu118:part0:2.3 available at C:/Xilinx/Vivado/2021.2/data/xhub/boards/XilinxBoardStore/boards/Xilinx/vcu118/2.3/board.xml as part xcvu9p-flga2104-2l-e specified in board_part file is either invalid or not available
WARNING: [Board 49-26] cannot add Board Part xilinx.com:vcu118:part0:2.4 available at C:/Xilinx/Vivado/2021.2/data/xhub/boards/XilinxBoardStore/boards/Xilinx/vcu118/2.4/board.xml as part xcvu9p-flga2104-2l-e specified in board_part file is either invalid or not available
WARNING: [Board 49-26] cannot add Board Part xilinx.com:vcu128:part0:1.0 available at C:/Xilinx/Vivado/2021.2/data/xhub/boards/XilinxBoardStore/boards/Xilinx/vcu128/production/1.0/board.xml as part xcvu37p-fsvh2892-2l-e specified in board_part file is either invalid or not available
WARNING: [Board 49-26] cannot add Board Part xilinx.com:vcu129:part0:1.0 available at C:/Xilinx/Vivado/2021.2/data/xhub/boards/XilinxBoardStore/boards/Xilinx/vcu129/production/1.0/board.xml as part xcvu29p-fsga2577-2l-e specified in board_part file is either invalid or not available
WARNING: [Board 49-26] cannot add Board Part xilinx.com:vcu1525:part0:1.3 available at C:/Xilinx/Vivado/2021.2/data/xhub/boards/XilinxBoardStore/boards/Xilinx/vcu1525/1.3/board.xml as part xcvu9p-fsgd2104-2l-e specified in board_part file is either invalid or not available
WARNING: [Board 49-26] cannot add Board Part xilinx.com:vermeo_t1_mpsoc:part0:1.0 available at C:/Xilinx/Vivado/2021.2/data/xhub/boards/XilinxBoardStore/boards/Xilinx/vermeo_t1_mpsoc/1.0/board.xml as part xczu19eg-ffvd1760-2l-e specified in board_part file is either invalid or not available
WARNING: [Board 49-26] cannot add Board Part xilinx.com:vermeo_t1_rfsoc:part0:1.0 available at C:/Xilinx/Vivado/2021.2/data/xhub/boards/XilinxBoardStore/boards/Xilinx/vermeo_t1_rfsoc/1.0/board.xml as part xczu21dr-ffvd1156-2l-e specified in board_part file is either invalid or not available
WARNING: [Board 49-26] cannot add Board Part xilinx.com:vmk180:part0:2.2 available at C:/Xilinx/Vivado/2021.2/data/xhub/boards/XilinxBoardStore/boards/Xilinx/vmk180/production/2.2/board.xml as part xcvm1802-vsva2197-2mp-e-s specified in board_part file is either invalid or not available
WARNING: [Board 49-26] cannot add Board Part xilinx.com:vmk180_es:part0:1.3 available at C:/Xilinx/Vivado/2021.2/data/xhub/boards/XilinxBoardStore/boards/Xilinx/vmk180/es/1.3/board.xml as part xcvm1802-vsva2197-2mp-e-s-es1 specified in board_part file is either invalid or not available
WARNING: [Board 49-26] cannot add Board Part xilinx.com:vpk120_es:part0:1.2 available at C:/Xilinx/Vivado/2021.2/data/xhub/boards/XilinxBoardStore/boards/Xilinx/vpk120/es/1.2/board.xml as part xcvp1202-vsva2785-2mp-e-s-es1 specified in board_part file is either invalid or not available
WARNING: [Board 49-26] cannot add Board Part xilinx.com:zc702:part0:1.4 available at C:/Xilinx/Vivado/2021.2/data/xhub/boards/XilinxBoardStore/boards/Xilinx/zc702/1.4/board.xml as part xc7z020clg484-1 specified in board_part file is either invalid or not available
WARNING: [Board 49-26] cannot add Board Part xilinx.com:zc706:part0:1.4 available at C:/Xilinx/Vivado/2021.2/data/xhub/boards/XilinxBoardStore/boards/Xilinx/zc706/1.4/board.xml as part xc7z045ffg900-2 specified in board_part file is either invalid or not available
WARNING: [Board 49-26] cannot add Board Part xilinx.com:zcu102:part0:3.3 available at C:/Xilinx/Vivado/2021.2/data/xhub/boards/XilinxBoardStore/boards/Xilinx/zcu102/3.3/board.xml as part xczu9eg-ffvb1156-2-e specified in board_part file is either invalid or not available
WARNING: [Board 49-26] cannot add Board Part xilinx.com:zcu102:part0:3.4 available at C:/Xilinx/Vivado/2021.2/data/xhub/boards/XilinxBoardStore/boards/Xilinx/zcu102/3.4/board.xml as part xczu9eg-ffvb1156-2-e specified in board_part file is either invalid or not available
WARNING: [Board 49-26] cannot add Board Part xilinx.com:zcu104:part0:1.1 available at C:/Xilinx/Vivado/2021.2/data/xhub/boards/XilinxBoardStore/boards/Xilinx/zcu104/1.1/board.xml as part xczu7ev-ffvc1156-2-e specified in board_part file is either invalid or not available
WARNING: [Board 49-26] cannot add Board Part xilinx.com:zcu106:part0:2.4 available at C:/Xilinx/Vivado/2021.2/data/xhub/boards/XilinxBoardStore/boards/Xilinx/zcu106/2.4/board.xml as part xczu7ev-ffvc1156-2-e specified in board_part file is either invalid or not available
WARNING: [Board 49-26] cannot add Board Part xilinx.com:zcu106:part0:2.5 available at C:/Xilinx/Vivado/2021.2/data/xhub/boards/XilinxBoardStore/boards/Xilinx/zcu106/2.5/board.xml as part xczu7ev-ffvc1156-2-e specified in board_part file is either invalid or not available
WARNING: [Board 49-26] cannot add Board Part xilinx.com:zcu106:part0:2.6 available at C:/Xilinx/Vivado/2021.2/data/xhub/boards/XilinxBoardStore/boards/Xilinx/zcu106/2.6/board.xml as part xczu7ev-ffvc1156-2-e specified in board_part file is either invalid or not available
WARNING: [Board 49-26] cannot add Board Part xilinx.com:zcu111:part0:1.2 available at C:/Xilinx/Vivado/2021.2/data/xhub/boards/XilinxBoardStore/boards/Xilinx/zcu111/1.2/board.xml as part xczu28dr-ffvg1517-2-e specified in board_part file is either invalid or not available
WARNING: [Board 49-26] cannot add Board Part xilinx.com:zcu111:part0:1.3 available at C:/Xilinx/Vivado/2021.2/data/xhub/boards/XilinxBoardStore/boards/Xilinx/zcu111/1.3/board.xml as part xczu28dr-ffvg1517-2-e specified in board_part file is either invalid or not available
WARNING: [Board 49-26] cannot add Board Part xilinx.com:zcu111:part0:1.4 available at C:/Xilinx/Vivado/2021.2/data/xhub/boards/XilinxBoardStore/boards/Xilinx/zcu111/1.4/board.xml as part xczu28dr-ffvg1517-2-e specified in board_part file is either invalid or not available
WARNING: [Board 49-26] cannot add Board Part xilinx.com:zcu1275:part0:1.0 available at C:/Xilinx/Vivado/2021.2/data/xhub/boards/XilinxBoardStore/boards/Xilinx/zcu1275/1.0/board.xml as part xczu29dr-ffvf1760-2-e specified in board_part file is either invalid or not available
WARNING: [Board 49-26] cannot add Board Part xilinx.com:zcu1285:part0:1.0 available at C:/Xilinx/Vivado/2021.2/data/xhub/boards/XilinxBoardStore/boards/Xilinx/zcu1285/1.0/board.xml as part xczu39dr-ffvf1760-2-i specified in board_part file is either invalid or not available
WARNING: [Board 49-26] cannot add Board Part xilinx.com:zcu208:part0:2.0 available at C:/Xilinx/Vivado/2021.2/data/xhub/boards/XilinxBoardStore/boards/Xilinx/zcu208/production/2.0/board.xml as part xczu48dr-fsvg1517-2-e specified in board_part file is either invalid or not available
WARNING: [Board 49-26] cannot add Board Part xilinx.com:zcu208_es:part0:1.0 available at C:/Xilinx/Vivado/2021.2/data/xhub/boards/XilinxBoardStore/boards/Xilinx/zcu208/es/1.0/board.xml as part xczu48dr-fsvg1517-2-e-es1 specified in board_part file is either invalid or not available
WARNING: [Board 49-26] cannot add Board Part xilinx.com:zcu208_es:part0:1.1 available at C:/Xilinx/Vivado/2021.2/data/xhub/boards/XilinxBoardStore/boards/Xilinx/zcu208/es/1.1/board.xml as part xczu48dr-fsvg1517-2-e-es1 specified in board_part file is either invalid or not available
WARNING: [Board 49-26] cannot add Board Part xilinx.com:zcu208_es:part0:1.2 available at C:/Xilinx/Vivado/2021.2/data/xhub/boards/XilinxBoardStore/boards/Xilinx/zcu208/es/1.2/board.xml as part xczu48dr-fsvg1517-2-e-es1 specified in board_part file is either invalid or not available
WARNING: [Board 49-26] cannot add Board Part xilinx.com:zcu208ld:part0:2.0 available at C:/Xilinx/Vivado/2021.2/data/xhub/boards/XilinxBoardStore/boards/Xilinx/zcu208ld/production/2.0/board.xml as part xczu58dr-fsvg1517-2-i specified in board_part file is either invalid or not available
WARNING: [Board 49-26] cannot add Board Part xilinx.com:zcu208ld_es:part0:1.0 available at C:/Xilinx/Vivado/2021.2/data/xhub/boards/XilinxBoardStore/boards/Xilinx/zcu208ld/es/1.0/board.xml as part xczu58dr-fsvg1517-2-i-es1 specified in board_part file is either invalid or not available
WARNING: [Board 49-26] cannot add Board Part xilinx.com:zcu216:part0:2.0 available at C:/Xilinx/Vivado/2021.2/data/xhub/boards/XilinxBoardStore/boards/Xilinx/zcu216/production/2.0/board.xml as part xczu49dr-ffvf1760-2-e specified in board_part file is either invalid or not available
WARNING: [Board 49-26] cannot add Board Part xilinx.com:zcu216_es:part0:1.0 available at C:/Xilinx/Vivado/2021.2/data/xhub/boards/XilinxBoardStore/boards/Xilinx/zcu216/es/1.0/board.xml as part xczu49dr-ffvf1760-2-e-es1 specified in board_part file is either invalid or not available
WARNING: [Board 49-26] cannot add Board Part xilinx.com:zcu216_es:part0:1.1 available at C:/Xilinx/Vivado/2021.2/data/xhub/boards/XilinxBoardStore/boards/Xilinx/zcu216/es/1.1/board.xml as part xczu49dr-ffvf1760-2-e-es1 specified in board_part file is either invalid or not available
WARNING: [Board 49-26] cannot add Board Part xilinx.com:zcu216_es:part0:1.2 available at C:/Xilinx/Vivado/2021.2/data/xhub/boards/XilinxBoardStore/boards/Xilinx/zcu216/es/1.2/board.xml as part xczu49dr-ffvf1760-2-e-es1 specified in board_part file is either invalid or not available
WARNING: [Board 49-26] cannot add Board Part xilinx.com:zcu216ld:part0:2.0 available at C:/Xilinx/Vivado/2021.2/data/xhub/boards/XilinxBoardStore/boards/Xilinx/zcu216ld/production/2.0/board.xml as part xczu59dr-ffvf1760-2-i specified in board_part file is either invalid or not available
WARNING: [Board 49-26] cannot add Board Part xilinx.com:zcu216ld_es:part0:1.0 available at C:/Xilinx/Vivado/2021.2/data/xhub/boards/XilinxBoardStore/boards/Xilinx/zcu216ld/es/1.0/board.xml as part xczu59dr-ffvf1760-2-i-es1 specified in board_part file is either invalid or not available
WARNING: [Board 49-26] cannot add Board Part xilinx.com:zcu670:part0:1.0 available at C:/Xilinx/Vivado/2021.2/data/xhub/boards/XilinxBoardStore/boards/Xilinx/zcu670/1.0/board.xml as part xczu67dr-fsve1156-2-i specified in board_part file is either invalid or not available
INFO: [IP_Flow 19-234] Refreshing IP repositories
INFO: [IP_Flow 19-1704] No user IP repositories specified
INFO: [IP_Flow 19-2313] Loaded Vivado IP repository 'C:/Xilinx/Vivado/2021.2/data/ip'.
open_project: Time (s): cpu = 00:00:41 ; elapsed = 00:00:16 . Memory (MB): peak = 1221.840 ; gain = 0.000
update_compile_order -fileset sources_1
open_hw_manager
connect_hw_server -allow_non_jtag
INFO: [Labtools 27-2285] Connecting to hw_server url TCP:localhost:3121
INFO: [Labtools 27-3415] Connecting to cs_server url TCP:localhost:3042
INFO: [Labtools 27-3417] Launching cs_server...
INFO: [Labtools 27-2221] Launch Output:


******** Xilinx cs_server v2021.2.0
  ****** Build date   : Sep 27 2021-22:44:20
    **** Build number : 2021.2.1632779060
      ** Copyright 2017-2022 Xilinx, Inc. All Rights Reserved.



connect_hw_server: Time (s): cpu = 00:00:05 ; elapsed = 00:01:38 . Memory (MB): peak = 1221.840 ; gain = 0.000
open_hw_target
INFO: [Labtoolstcl 44-466] Opening hw_target localhost:3121/xilinx_tcf/Digilent/210292ABFA4AA
open_hw_target: Time (s): cpu = 00:00:08 ; elapsed = 00:00:57 . Memory (MB): peak = 2913.219 ; gain = 1691.379
set_property PROGRAM.FILE {C:/Users/JideO/Downloads/PongGame0/lab5_1.runs/impl_1/game_tp.bit} [get_hw_devices xc7a100t_0]
current_hw_device [get_hw_devices xc7a100t_0]
refresh_hw_device -update_hw_probes false [lindex [get_hw_devices xc7a100t_0] 0]
INFO: [Labtools 27-1434] Device xc7a100t (JTAG device index = 0) is programmed with a design that has no supported debug core(s) in it.
refresh_hw_device: Time (s): cpu = 00:00:02 ; elapsed = 00:00:43 . Memory (MB): peak = 2934.074 ; gain = 0.000
set_property PROBES.FILE {} [get_hw_devices xc7a100t_0]
set_property FULL_PROBES.FILE {} [get_hw_devices xc7a100t_0]
set_property PROGRAM.FILE {C:/Users/JideO/Downloads/PongGame0/lab5_1.runs/impl_1/game_tp.bit} [get_hw_devices xc7a100t_0]
program_hw_devices [get_hw_devices xc7a100t_0]
INFO: [Labtools 27-3164] End of startup status: HIGH
program_hw_devices: Time (s): cpu = 00:00:03 ; elapsed = 00:00:11 . Memory (MB): peak = 2959.770 ; gain = 0.000
refresh_hw_device [lindex [get_hw_devices xc7a100t_0] 0]
INFO: [Labtools 27-1434] Device xc7a100t (JTAG device index = 0) is programmed with a design that has no supported debug core(s) in it.
reset_run synth_1
INFO: [Project 1-1161] Replacing file C:/Users/JideO/Downloads/lab5_1/lab5_1.srcs/utils_1/imports/synth_1/game_top.dcp with file C:/Users/JideO/Downloads/PongGame0/lab5_1.runs/synth_1/game_tp.dcp
launch_runs impl_1 -to_step write_bitstream -jobs 8
[Fri Apr  1 15:55:58 2022] Launched synth_1...
Run output will be captured here: C:/Users/JideO/Downloads/PongGame0/lab5_1.runs/synth_1/runme.log
[Fri Apr  1 15:55:58 2022] Launched impl_1...
Run output will be captured here: C:/Users/JideO/Downloads/PongGame0/lab5_1.runs/impl_1/runme.log
open_run impl_1
INFO: [Device 21-403] Loading part xc7a100tcsg324-1
Netlist sorting complete. Time (s): cpu = 00:00:00 ; elapsed = 00:00:00.013 . Memory (MB): peak = 3326.055 ; gain = 0.000
INFO: [Netlist 29-17] Analyzing 42 Unisim elements for replacement
INFO: [Netlist 29-28] Unisim Transformation completed in 0 CPU seconds
INFO: [Project 1-479] Netlist was created with Vivado 2021.2
INFO: [Project 1-570] Preparing netlist for logic optimization
WARNING: [Constraints 18-550] Could not create 'IBUF_LOW_PWR' constraint because net 'inst/clk_in1' is not directly connected to top level port. Synthesis is ignored for IBUF_LOW_PWR but preserved for implementation.
INFO: [Timing 38-478] Restoring timing data from binary archive.
INFO: [Timing 38-479] Binary timing data restore complete.
INFO: [Project 1-856] Restoring constraints from binary archive.
INFO: [Project 1-853] Binary constraint restore complete.
Reading XDEF placement.
Reading placer database...
Reading XDEF routing.
Read XDEF File: Time (s): cpu = 00:00:00 ; elapsed = 00:00:00.101 . Memory (MB): peak = 4022.188 ; gain = 0.000
Restored from archive | CPU: 0.000000 secs | Memory: 0.000000 MB |
Finished XDEF File Restore: Time (s): cpu = 00:00:00 ; elapsed = 00:00:00.102 . Memory (MB): peak = 4022.188 ; gain = 0.000
Netlist sorting complete. Time (s): cpu = 00:00:00 ; elapsed = 00:00:00.001 . Memory (MB): peak = 4022.188 ; gain = 0.000
INFO: [Project 1-111] Unisim Transformation Summary:
No Unisim elements were transformed.

open_run: Time (s): cpu = 00:00:28 ; elapsed = 00:00:22 . Memory (MB): peak = 4138.953 ; gain = 1142.594
set_property PROBES.FILE {} [get_hw_devices xc7a100t_0]
set_property FULL_PROBES.FILE {} [get_hw_devices xc7a100t_0]
set_property PROGRAM.FILE {C:/Users/JideO/Downloads/PongGame0/lab5_1.runs/impl_1/game_tp.bit} [get_hw_devices xc7a100t_0]
program_hw_devices [get_hw_devices xc7a100t_0]
INFO: [Labtools 27-3164] End of startup status: HIGH
program_hw_devices: Time (s): cpu = 00:00:04 ; elapsed = 00:00:40 . Memory (MB): peak = 4221.246 ; gain = 11.680
refresh_hw_device [lindex [get_hw_devices xc7a100t_0] 0]
INFO: [Labtools 27-1434] Device xc7a100t (JTAG device index = 0) is programmed with a design that has no supported debug core(s) in it.
refresh_hw_device: Time (s): cpu = 00:00:05 ; elapsed = 00:00:51 . Memory (MB): peak = 4222.223 ; gain = 0.977
reset_run synth_1
INFO: [Project 1-1161] Replacing file C:/Users/JideO/Downloads/lab5_1/lab5_1.srcs/utils_1/imports/synth_1/game_top.dcp with file C:/Users/JideO/Downloads/PongGame0/lab5_1.runs/synth_1/game_tp.dcp
launch_runs impl_1 -to_step write_bitstream -jobs 8
[Fri Apr  1 16:02:45 2022] Launched synth_1...
Run output will be captured here: C:/Users/JideO/Downloads/PongGame0/lab5_1.runs/synth_1/runme.log
[Fri Apr  1 16:02:45 2022] Launched impl_1...
Run output will be captured here: C:/Users/JideO/Downloads/PongGame0/lab5_1.runs/impl_1/runme.log
reset_run synth_1
INFO: [Project 1-1161] Replacing file C:/Users/JideO/Downloads/lab5_1/lab5_1.srcs/utils_1/imports/synth_1/game_top.dcp with file C:/Users/JideO/Downloads/PongGame0/lab5_1.runs/synth_1/game_tp.dcp
launch_runs impl_1 -to_step write_bitstream -jobs 8
[Fri Apr  1 16:06:04 2022] Launched synth_1...
Run output will be captured here: C:/Users/JideO/Downloads/PongGame0/lab5_1.runs/synth_1/runme.log
[Fri Apr  1 16:06:04 2022] Launched impl_1...
Run output will be captured here: C:/Users/JideO/Downloads/PongGame0/lab5_1.runs/impl_1/runme.log
set_property PROBES.FILE {} [get_hw_devices xc7a100t_0]
set_property FULL_PROBES.FILE {} [get_hw_devices xc7a100t_0]
set_property PROGRAM.FILE {C:/Users/JideO/Downloads/PongGame0/lab5_1.runs/impl_1/game_tp.bit} [get_hw_devices xc7a100t_0]
program_hw_devices [get_hw_devices xc7a100t_0]
INFO: [Labtools 27-3164] End of startup status: HIGH
program_hw_devices: Time (s): cpu = 00:00:04 ; elapsed = 00:00:46 . Memory (MB): peak = 4225.461 ; gain = 3.238
refresh_hw_device [lindex [get_hw_devices xc7a100t_0] 0]
INFO: [Labtools 27-1434] Device xc7a100t (JTAG device index = 0) is programmed with a design that has no supported debug core(s) in it.
refresh_hw_device: Time (s): cpu = 00:00:04 ; elapsed = 00:00:50 . Memory (MB): peak = 4225.703 ; gain = 0.242
set_property PROBES.FILE {} [get_hw_devices xc7a100t_0]
set_property FULL_PROBES.FILE {} [get_hw_devices xc7a100t_0]
set_property PROGRAM.FILE {C:/Users/JideO/Downloads/PongGame0/lab5_1.runs/impl_1/game_tp.bit} [get_hw_devices xc7a100t_0]
program_hw_devices [get_hw_devices xc7a100t_0]
INFO: [Labtools 27-3164] End of startup status: HIGH
program_hw_devices: Time (s): cpu = 00:00:04 ; elapsed = 00:00:45 . Memory (MB): peak = 4227.457 ; gain = 1.754
refresh_hw_device [lindex [get_hw_devices xc7a100t_0] 0]
INFO: [Labtools 27-1434] Device xc7a100t (JTAG device index = 0) is programmed with a design that has no supported debug core(s) in it.
refresh_hw_device: Time (s): cpu = 00:00:04 ; elapsed = 00:00:51 . Memory (MB): peak = 4227.625 ; gain = 0.168
reset_run synth_1
INFO: [Project 1-1161] Replacing file C:/Users/JideO/Downloads/lab5_1/lab5_1.srcs/utils_1/imports/synth_1/game_top.dcp with file C:/Users/JideO/Downloads/PongGame0/lab5_1.runs/synth_1/game_tp.dcp
launch_runs impl_1 -to_step write_bitstream -jobs 8
[Fri Apr  1 16:22:04 2022] Launched synth_1...
Run output will be captured here: C:/Users/JideO/Downloads/PongGame0/lab5_1.runs/synth_1/runme.log
[Fri Apr  1 16:22:04 2022] Launched impl_1...
Run output will be captured here: C:/Users/JideO/Downloads/PongGame0/lab5_1.runs/impl_1/runme.log
reset_run synth_1
INFO: [Project 1-1161] Replacing file C:/Users/JideO/Downloads/lab5_1/lab5_1.srcs/utils_1/imports/synth_1/game_top.dcp with file C:/Users/JideO/Downloads/PongGame0/lab5_1.runs/synth_1/game_tp.dcp
launch_runs impl_1 -to_step write_bitstream -jobs 8
[Fri Apr  1 16:25:19 2022] Launched synth_1...
Run output will be captured here: C:/Users/JideO/Downloads/PongGame0/lab5_1.runs/synth_1/runme.log
[Fri Apr  1 16:25:19 2022] Launched impl_1...
Run output will be captured here: C:/Users/JideO/Downloads/PongGame0/lab5_1.runs/impl_1/runme.log
set_property PROBES.FILE {} [get_hw_devices xc7a100t_0]
set_property FULL_PROBES.FILE {} [get_hw_devices xc7a100t_0]
set_property PROGRAM.FILE {C:/Users/JideO/Downloads/PongGame0/lab5_1.runs/impl_1/game_tp.bit} [get_hw_devices xc7a100t_0]
program_hw_devices [get_hw_devices xc7a100t_0]
INFO: [Labtools 27-3164] End of startup status: HIGH
program_hw_devices: Time (s): cpu = 00:00:03 ; elapsed = 00:00:44 . Memory (MB): peak = 4229.246 ; gain = 1.621
refresh_hw_device [lindex [get_hw_devices xc7a100t_0] 0]
INFO: [Labtools 27-1434] Device xc7a100t (JTAG device index = 0) is programmed with a design that has no supported debug core(s) in it.
refresh_hw_device: Time (s): cpu = 00:00:02 ; elapsed = 00:00:51 . Memory (MB): peak = 4229.246 ; gain = 0.000
reset_run synth_1
INFO: [Project 1-1161] Replacing file C:/Users/JideO/Downloads/lab5_1/lab5_1.srcs/utils_1/imports/synth_1/game_top.dcp with file C:/Users/JideO/Downloads/PongGame0/lab5_1.runs/synth_1/game_tp.dcp
launch_runs impl_1 -to_step write_bitstream -jobs 8
[Fri Apr  1 16:37:27 2022] Launched synth_1...
Run output will be captured here: C:/Users/JideO/Downloads/PongGame0/lab5_1.runs/synth_1/runme.log
[Fri Apr  1 16:37:27 2022] Launched impl_1...
Run output will be captured here: C:/Users/JideO/Downloads/PongGame0/lab5_1.runs/impl_1/runme.log
set_property PROBES.FILE {} [get_hw_devices xc7a100t_0]
set_property FULL_PROBES.FILE {} [get_hw_devices xc7a100t_0]
set_property PROGRAM.FILE {C:/Users/JideO/Downloads/PongGame0/lab5_1.runs/impl_1/game_tp.bit} [get_hw_devices xc7a100t_0]
program_hw_devices [get_hw_devices xc7a100t_0]
INFO: [Labtools 27-3164] End of startup status: HIGH
program_hw_devices: Time (s): cpu = 00:00:04 ; elapsed = 00:00:32 . Memory (MB): peak = 4231.105 ; gain = 1.859
refresh_hw_device [lindex [get_hw_devices xc7a100t_0] 0]
INFO: [Labtools 27-1434] Device xc7a100t (JTAG device index = 0) is programmed with a design that has no supported debug core(s) in it.
refresh_hw_device: Time (s): cpu = 00:00:02 ; elapsed = 00:00:51 . Memory (MB): peak = 4231.105 ; gain = 0.000
reset_run synth_1
INFO: [Project 1-1161] Replacing file C:/Users/JideO/Downloads/lab5_1/lab5_1.srcs/utils_1/imports/synth_1/game_top.dcp with file C:/Users/JideO/Downloads/PongGame0/lab5_1.runs/synth_1/game_tp.dcp
launch_runs impl_1 -to_step write_bitstream -jobs 8
[Fri Apr  1 16:43:29 2022] Launched synth_1...
Run output will be captured here: C:/Users/JideO/Downloads/PongGame0/lab5_1.runs/synth_1/runme.log
[Fri Apr  1 16:43:29 2022] Launched impl_1...
Run output will be captured here: C:/Users/JideO/Downloads/PongGame0/lab5_1.runs/impl_1/runme.log
set_property PROBES.FILE {} [get_hw_devices xc7a100t_0]
set_property FULL_PROBES.FILE {} [get_hw_devices xc7a100t_0]
set_property PROGRAM.FILE {C:/Users/JideO/Downloads/PongGame0/lab5_1.runs/impl_1/game_tp.bit} [get_hw_devices xc7a100t_0]
program_hw_devices [get_hw_devices xc7a100t_0]
INFO: [Labtools 27-3164] End of startup status: HIGH
program_hw_devices: Time (s): cpu = 00:00:03 ; elapsed = 00:00:23 . Memory (MB): peak = 4231.105 ; gain = 0.000
refresh_hw_device [lindex [get_hw_devices xc7a100t_0] 0]
INFO: [Labtools 27-1434] Device xc7a100t (JTAG device index = 0) is programmed with a design that has no supported debug core(s) in it.
refresh_hw_device: Time (s): cpu = 00:00:07 ; elapsed = 00:00:51 . Memory (MB): peak = 4233.422 ; gain = 2.316
reset_run synth_1
INFO: [Project 1-1161] Replacing file C:/Users/JideO/Downloads/lab5_1/lab5_1.srcs/utils_1/imports/synth_1/game_top.dcp with file C:/Users/JideO/Downloads/PongGame0/lab5_1.runs/synth_1/game_tp.dcp
launch_runs impl_1 -to_step write_bitstream -jobs 8
[Fri Apr  1 16:48:52 2022] Launched synth_1...
Run output will be captured here: C:/Users/JideO/Downloads/PongGame0/lab5_1.runs/synth_1/runme.log
[Fri Apr  1 16:48:52 2022] Launched impl_1...
Run output will be captured here: C:/Users/JideO/Downloads/PongGame0/lab5_1.runs/impl_1/runme.log
set_property PROBES.FILE {} [get_hw_devices xc7a100t_0]
set_property FULL_PROBES.FILE {} [get_hw_devices xc7a100t_0]
set_property PROGRAM.FILE {C:/Users/JideO/Downloads/PongGame0/lab5_1.runs/impl_1/game_tp.bit} [get_hw_devices xc7a100t_0]
program_hw_devices [get_hw_devices xc7a100t_0]
INFO: [Labtools 27-3164] End of startup status: HIGH
program_hw_devices: Time (s): cpu = 00:00:03 ; elapsed = 00:00:09 . Memory (MB): peak = 4233.422 ; gain = 0.000
refresh_hw_device [lindex [get_hw_devices xc7a100t_0] 0]
INFO: [Labtools 27-1434] Device xc7a100t (JTAG device index = 0) is programmed with a design that has no supported debug core(s) in it.
refresh_hw_device: Time (s): cpu = 00:00:02 ; elapsed = 00:00:51 . Memory (MB): peak = 4234.426 ; gain = 1.004
reset_run synth_1
INFO: [Project 1-1161] Replacing file C:/Users/JideO/Downloads/lab5_1/lab5_1.srcs/utils_1/imports/synth_1/game_top.dcp with file C:/Users/JideO/Downloads/PongGame0/lab5_1.runs/synth_1/game_tp.dcp
launch_runs impl_1 -to_step write_bitstream -jobs 8
[Fri Apr  1 16:55:42 2022] Launched synth_1...
Run output will be captured here: C:/Users/JideO/Downloads/PongGame0/lab5_1.runs/synth_1/runme.log
[Fri Apr  1 16:55:42 2022] Launched impl_1...
Run output will be captured here: C:/Users/JideO/Downloads/PongGame0/lab5_1.runs/impl_1/runme.log
reset_run synth_1
launch_runs impl_1 -to_step write_bitstream -jobs 8
[Fri Apr  1 16:58:56 2022] Launched synth_1...
Run output will be captured here: C:/Users/JideO/Downloads/PongGame0/lab5_1.runs/synth_1/runme.log
[Fri Apr  1 16:58:56 2022] Launched impl_1...
Run output will be captured here: C:/Users/JideO/Downloads/PongGame0/lab5_1.runs/impl_1/runme.log
set_property PROBES.FILE {} [get_hw_devices xc7a100t_0]
set_property FULL_PROBES.FILE {} [get_hw_devices xc7a100t_0]
set_property PROGRAM.FILE {C:/Users/JideO/Downloads/PongGame0/lab5_1.runs/impl_1/game_tp.bit} [get_hw_devices xc7a100t_0]
program_hw_devices [get_hw_devices xc7a100t_0]
INFO: [Labtools 27-3164] End of startup status: HIGH
program_hw_devices: Time (s): cpu = 00:00:03 ; elapsed = 00:00:38 . Memory (MB): peak = 4235.074 ; gain = 0.227
refresh_hw_device [lindex [get_hw_devices xc7a100t_0] 0]
INFO: [Labtools 27-1434] Device xc7a100t (JTAG device index = 0) is programmed with a design that has no supported debug core(s) in it.
refresh_hw_device: Time (s): cpu = 00:00:02 ; elapsed = 00:00:51 . Memory (MB): peak = 4235.074 ; gain = 0.000
reset_run synth_1
INFO: [Project 1-1161] Replacing file C:/Users/JideO/Downloads/lab5_1/lab5_1.srcs/utils_1/imports/synth_1/game_top.dcp with file C:/Users/JideO/Downloads/PongGame0/lab5_1.runs/synth_1/game_tp.dcp
launch_runs impl_1 -to_step write_bitstream -jobs 8
[Fri Apr  1 17:18:14 2022] Launched synth_1...
Run output will be captured here: C:/Users/JideO/Downloads/PongGame0/lab5_1.runs/synth_1/runme.log
[Fri Apr  1 17:18:14 2022] Launched impl_1...
Run output will be captured here: C:/Users/JideO/Downloads/PongGame0/lab5_1.runs/impl_1/runme.log
reset_run synth_1
INFO: [Project 1-1161] Replacing file C:/Users/JideO/Downloads/lab5_1/lab5_1.srcs/utils_1/imports/synth_1/game_top.dcp with file C:/Users/JideO/Downloads/PongGame0/lab5_1.runs/synth_1/game_tp.dcp
launch_runs impl_1 -to_step write_bitstream -jobs 8
[Fri Apr  1 17:22:23 2022] Launched synth_1...
Run output will be captured here: C:/Users/JideO/Downloads/PongGame0/lab5_1.runs/synth_1/runme.log
[Fri Apr  1 17:22:23 2022] Launched impl_1...
Run output will be captured here: C:/Users/JideO/Downloads/PongGame0/lab5_1.runs/impl_1/runme.log
set_property PROBES.FILE {} [get_hw_devices xc7a100t_0]
set_property FULL_PROBES.FILE {} [get_hw_devices xc7a100t_0]
set_property PROGRAM.FILE {C:/Users/JideO/Downloads/PongGame0/lab5_1.runs/impl_1/game_tp.bit} [get_hw_devices xc7a100t_0]
program_hw_devices [get_hw_devices xc7a100t_0]
INFO: [Labtools 27-3164] End of startup status: HIGH
program_hw_devices: Time (s): cpu = 00:00:03 ; elapsed = 00:00:51 . Memory (MB): peak = 4238.027 ; gain = 2.953
refresh_hw_device [lindex [get_hw_devices xc7a100t_0] 0]
INFO: [Labtools 27-1434] Device xc7a100t (JTAG device index = 0) is programmed with a design that has no supported debug core(s) in it.
refresh_hw_device: Time (s): cpu = 00:00:03 ; elapsed = 00:00:51 . Memory (MB): peak = 4238.082 ; gain = 0.055
reset_run synth_1
INFO: [Project 1-1161] Replacing file C:/Users/JideO/Downloads/lab5_1/lab5_1.srcs/utils_1/imports/synth_1/game_top.dcp with file C:/Users/JideO/Downloads/PongGame0/lab5_1.runs/synth_1/game_tp.dcp
launch_runs impl_1 -to_step write_bitstream -jobs 8
[Fri Apr  1 17:32:08 2022] Launched synth_1...
Run output will be captured here: C:/Users/JideO/Downloads/PongGame0/lab5_1.runs/synth_1/runme.log
[Fri Apr  1 17:32:08 2022] Launched impl_1...
Run output will be captured here: C:/Users/JideO/Downloads/PongGame0/lab5_1.runs/impl_1/runme.log
set_property PROBES.FILE {} [get_hw_devices xc7a100t_0]
set_property FULL_PROBES.FILE {} [get_hw_devices xc7a100t_0]
set_property PROGRAM.FILE {C:/Users/JideO/Downloads/PongGame0/lab5_1.runs/impl_1/game_tp.bit} [get_hw_devices xc7a100t_0]
program_hw_devices [get_hw_devices xc7a100t_0]
INFO: [Labtools 27-3164] End of startup status: HIGH
program_hw_devices: Time (s): cpu = 00:00:02 ; elapsed = 00:00:20 . Memory (MB): peak = 4238.082 ; gain = 0.000
refresh_hw_device [lindex [get_hw_devices xc7a100t_0] 0]
INFO: [Labtools 27-1434] Device xc7a100t (JTAG device index = 0) is programmed with a design that has no supported debug core(s) in it.
refresh_hw_device: Time (s): cpu = 00:00:03 ; elapsed = 00:00:51 . Memory (MB): peak = 4238.617 ; gain = 0.535
reset_run synth_1
INFO: [Project 1-1161] Replacing file C:/Users/JideO/Downloads/lab5_1/lab5_1.srcs/utils_1/imports/synth_1/game_top.dcp with file C:/Users/JideO/Downloads/PongGame0/lab5_1.runs/synth_1/game_tp.dcp
launch_runs impl_1 -to_step write_bitstream -jobs 8
[Fri Apr  1 17:39:20 2022] Launched synth_1...
Run output will be captured here: C:/Users/JideO/Downloads/PongGame0/lab5_1.runs/synth_1/runme.log
[Fri Apr  1 17:39:20 2022] Launched impl_1...
Run output will be captured here: C:/Users/JideO/Downloads/PongGame0/lab5_1.runs/impl_1/runme.log
set_property PROBES.FILE {} [get_hw_devices xc7a100t_0]
set_property FULL_PROBES.FILE {} [get_hw_devices xc7a100t_0]
set_property PROGRAM.FILE {C:/Users/JideO/Downloads/PongGame0/lab5_1.runs/impl_1/game_tp.bit} [get_hw_devices xc7a100t_0]
program_hw_devices [get_hw_devices xc7a100t_0]
INFO: [Labtools 27-3164] End of startup status: HIGH
program_hw_devices: Time (s): cpu = 00:00:04 ; elapsed = 00:00:39 . Memory (MB): peak = 4238.754 ; gain = 0.137
refresh_hw_device [lindex [get_hw_devices xc7a100t_0] 0]
INFO: [Labtools 27-1434] Device xc7a100t (JTAG device index = 0) is programmed with a design that has no supported debug core(s) in it.
refresh_hw_device: Time (s): cpu = 00:00:02 ; elapsed = 00:00:51 . Memory (MB): peak = 4238.777 ; gain = 0.023
reset_run synth_1
INFO: [Project 1-1161] Replacing file C:/Users/JideO/Downloads/lab5_1/lab5_1.srcs/utils_1/imports/synth_1/game_top.dcp with file C:/Users/JideO/Downloads/PongGame0/lab5_1.runs/synth_1/game_tp.dcp
launch_runs impl_1 -to_step write_bitstream -jobs 8
[Fri Apr  1 17:47:26 2022] Launched synth_1...
Run output will be captured here: C:/Users/JideO/Downloads/PongGame0/lab5_1.runs/synth_1/runme.log
[Fri Apr  1 17:47:26 2022] Launched impl_1...
Run output will be captured here: C:/Users/JideO/Downloads/PongGame0/lab5_1.runs/impl_1/runme.log
set_property PROBES.FILE {} [get_hw_devices xc7a100t_0]
set_property FULL_PROBES.FILE {} [get_hw_devices xc7a100t_0]
set_property PROGRAM.FILE {C:/Users/JideO/Downloads/PongGame0/lab5_1.runs/impl_1/game_tp.bit} [get_hw_devices xc7a100t_0]
program_hw_devices [get_hw_devices xc7a100t_0]
INFO: [Labtools 27-3164] End of startup status: HIGH
program_hw_devices: Time (s): cpu = 00:00:03 ; elapsed = 00:00:12 . Memory (MB): peak = 4238.777 ; gain = 0.000
refresh_hw_device [lindex [get_hw_devices xc7a100t_0] 0]
INFO: [Labtools 27-1434] Device xc7a100t (JTAG device index = 0) is programmed with a design that has no supported debug core(s) in it.
refresh_hw_device: Time (s): cpu = 00:00:02 ; elapsed = 00:00:51 . Memory (MB): peak = 4239.383 ; gain = 0.605
reset_run synth_1
INFO: [Project 1-1161] Replacing file C:/Users/JideO/Downloads/lab5_1/lab5_1.srcs/utils_1/imports/synth_1/game_top.dcp with file C:/Users/JideO/Downloads/PongGame0/lab5_1.runs/synth_1/game_tp.dcp
launch_runs impl_1 -to_step write_bitstream -jobs 8
[Fri Apr  1 18:18:00 2022] Launched synth_1...
Run output will be captured here: C:/Users/JideO/Downloads/PongGame0/lab5_1.runs/synth_1/runme.log
[Fri Apr  1 18:18:00 2022] Launched impl_1...
Run output will be captured here: C:/Users/JideO/Downloads/PongGame0/lab5_1.runs/impl_1/runme.log
set_property PROBES.FILE {} [get_hw_devices xc7a100t_0]
set_property FULL_PROBES.FILE {} [get_hw_devices xc7a100t_0]
set_property PROGRAM.FILE {C:/Users/JideO/Downloads/PongGame0/lab5_1.runs/impl_1/game_tp.bit} [get_hw_devices xc7a100t_0]
program_hw_devices [get_hw_devices xc7a100t_0]
INFO: [Labtools 27-3164] End of startup status: HIGH
program_hw_devices: Time (s): cpu = 00:00:04 ; elapsed = 00:00:32 . Memory (MB): peak = 4239.977 ; gain = 0.145
refresh_hw_device [lindex [get_hw_devices xc7a100t_0] 0]
INFO: [Labtools 27-1434] Device xc7a100t (JTAG device index = 0) is programmed with a design that has no supported debug core(s) in it.
refresh_hw_device: Time (s): cpu = 00:00:04 ; elapsed = 00:00:51 . Memory (MB): peak = 4239.977 ; gain = 0.000
reset_run synth_1
INFO: [Project 1-1161] Replacing file C:/Users/JideO/Downloads/lab5_1/lab5_1.srcs/utils_1/imports/synth_1/game_top.dcp with file C:/Users/JideO/Downloads/PongGame0/lab5_1.runs/synth_1/game_tp.dcp
launch_runs impl_1 -to_step write_bitstream -jobs 8
[Fri Apr  1 18:26:07 2022] Launched synth_1...
Run output will be captured here: C:/Users/JideO/Downloads/PongGame0/lab5_1.runs/synth_1/runme.log
[Fri Apr  1 18:26:07 2022] Launched impl_1...
Run output will be captured here: C:/Users/JideO/Downloads/PongGame0/lab5_1.runs/impl_1/runme.log
set_property PROBES.FILE {} [get_hw_devices xc7a100t_0]
set_property FULL_PROBES.FILE {} [get_hw_devices xc7a100t_0]
set_property PROGRAM.FILE {C:/Users/JideO/Downloads/PongGame0/lab5_1.runs/impl_1/game_tp.bit} [get_hw_devices xc7a100t_0]
program_hw_devices [get_hw_devices xc7a100t_0]
INFO: [Labtools 27-3164] End of startup status: HIGH
program_hw_devices: Time (s): cpu = 00:00:03 ; elapsed = 00:00:30 . Memory (MB): peak = 4241.129 ; gain = 1.152
refresh_hw_device [lindex [get_hw_devices xc7a100t_0] 0]
INFO: [Labtools 27-1434] Device xc7a100t (JTAG device index = 0) is programmed with a design that has no supported debug core(s) in it.
refresh_hw_device: Time (s): cpu = 00:00:02 ; elapsed = 00:00:50 . Memory (MB): peak = 4241.129 ; gain = 0.000
set_property PROBES.FILE {} [get_hw_devices xc7a100t_0]
set_property FULL_PROBES.FILE {} [get_hw_devices xc7a100t_0]
set_property PROGRAM.FILE {C:/Users/JideO/Downloads/PongGame0/lab5_1.runs/impl_1/game_tp.bit} [get_hw_devices xc7a100t_0]
program_hw_devices [get_hw_devices xc7a100t_0]
INFO: [Labtools 27-3164] End of startup status: HIGH
program_hw_devices: Time (s): cpu = 00:00:05 ; elapsed = 00:00:38 . Memory (MB): peak = 4242.625 ; gain = 0.898
refresh_hw_device [lindex [get_hw_devices xc7a100t_0] 0]
INFO: [Labtools 27-1434] Device xc7a100t (JTAG device index = 0) is programmed with a design that has no supported debug core(s) in it.
refresh_hw_device: Time (s): cpu = 00:00:06 ; elapsed = 00:00:51 . Memory (MB): peak = 4242.867 ; gain = 0.242
reset_run synth_1
INFO: [Project 1-1161] Replacing file C:/Users/JideO/Downloads/lab5_1/lab5_1.srcs/utils_1/imports/synth_1/game_top.dcp with file C:/Users/JideO/Downloads/PongGame0/lab5_1.runs/synth_1/game_tp.dcp
launch_runs impl_1 -to_step write_bitstream -jobs 8
[Fri Apr  1 20:41:20 2022] Launched synth_1...
Run output will be captured here: C:/Users/JideO/Downloads/PongGame0/lab5_1.runs/synth_1/runme.log
[Fri Apr  1 20:41:20 2022] Launched impl_1...
Run output will be captured here: C:/Users/JideO/Downloads/PongGame0/lab5_1.runs/impl_1/runme.log
reset_run synth_1
launch_runs impl_1 -to_step write_bitstream -jobs 8
[Fri Apr  1 20:47:17 2022] Launched synth_1...
Run output will be captured here: C:/Users/JideO/Downloads/PongGame0/lab5_1.runs/synth_1/runme.log
[Fri Apr  1 20:47:17 2022] Launched impl_1...
Run output will be captured here: C:/Users/JideO/Downloads/PongGame0/lab5_1.runs/impl_1/runme.log
set_property PROBES.FILE {} [get_hw_devices xc7a100t_0]
set_property FULL_PROBES.FILE {} [get_hw_devices xc7a100t_0]
set_property PROGRAM.FILE {C:/Users/JideO/Downloads/PongGame0/lab5_1.runs/impl_1/game_tp.bit} [get_hw_devices xc7a100t_0]
program_hw_devices [get_hw_devices xc7a100t_0]
INFO: [Labtools 27-3164] End of startup status: HIGH
program_hw_devices: Time (s): cpu = 00:00:03 ; elapsed = 00:00:07 . Memory (MB): peak = 4242.867 ; gain = 0.000
refresh_hw_device [lindex [get_hw_devices xc7a100t_0] 0]
INFO: [Labtools 27-1434] Device xc7a100t (JTAG device index = 0) is programmed with a design that has no supported debug core(s) in it.
refresh_hw_device: Time (s): cpu = 00:00:02 ; elapsed = 00:00:51 . Memory (MB): peak = 4243.680 ; gain = 0.812
reset_run synth_1
INFO: [Project 1-1161] Replacing file C:/Users/JideO/Downloads/lab5_1/lab5_1.srcs/utils_1/imports/synth_1/game_top.dcp with file C:/Users/JideO/Downloads/PongGame0/lab5_1.runs/synth_1/game_tp.dcp
launch_runs impl_1 -to_step write_bitstream -jobs 8
[Fri Apr  1 20:53:14 2022] Launched synth_1...
Run output will be captured here: C:/Users/JideO/Downloads/PongGame0/lab5_1.runs/synth_1/runme.log
[Fri Apr  1 20:53:14 2022] Launched impl_1...
Run output will be captured here: C:/Users/JideO/Downloads/PongGame0/lab5_1.runs/impl_1/runme.log
reset_run synth_1
INFO: [Project 1-1161] Replacing file C:/Users/JideO/Downloads/lab5_1/lab5_1.srcs/utils_1/imports/synth_1/game_top.dcp with file C:/Users/JideO/Downloads/PongGame0/lab5_1.runs/synth_1/game_tp.dcp
launch_runs impl_1 -to_step write_bitstream -jobs 8
[Fri Apr  1 21:05:34 2022] Launched synth_1...
Run output will be captured here: C:/Users/JideO/Downloads/PongGame0/lab5_1.runs/synth_1/runme.log
[Fri Apr  1 21:05:34 2022] Launched impl_1...
Run output will be captured here: C:/Users/JideO/Downloads/PongGame0/lab5_1.runs/impl_1/runme.log
set_property PROBES.FILE {} [get_hw_devices xc7a100t_0]
set_property FULL_PROBES.FILE {} [get_hw_devices xc7a100t_0]
set_property PROGRAM.FILE {C:/Users/JideO/Downloads/PongGame0/lab5_1.runs/impl_1/game_tp.bit} [get_hw_devices xc7a100t_0]
program_hw_devices [get_hw_devices xc7a100t_0]
INFO: [Labtools 27-3164] End of startup status: HIGH
program_hw_devices: Time (s): cpu = 00:00:02 ; elapsed = 00:00:28 . Memory (MB): peak = 4243.680 ; gain = 0.000
refresh_hw_device [lindex [get_hw_devices xc7a100t_0] 0]
INFO: [Labtools 27-1434] Device xc7a100t (JTAG device index = 0) is programmed with a design that has no supported debug core(s) in it.
refresh_hw_device: Time (s): cpu = 00:00:04 ; elapsed = 00:00:51 . Memory (MB): peak = 4244.969 ; gain = 1.289
reset_run synth_1
INFO: [Project 1-1161] Replacing file C:/Users/JideO/Downloads/lab5_1/lab5_1.srcs/utils_1/imports/synth_1/game_top.dcp with file C:/Users/JideO/Downloads/PongGame0/lab5_1.runs/synth_1/game_tp.dcp
launch_runs impl_1 -to_step write_bitstream -jobs 8
[Fri Apr  1 21:26:13 2022] Launched synth_1...
Run output will be captured here: C:/Users/JideO/Downloads/PongGame0/lab5_1.runs/synth_1/runme.log
[Fri Apr  1 21:26:13 2022] Launched impl_1...
Run output will be captured here: C:/Users/JideO/Downloads/PongGame0/lab5_1.runs/impl_1/runme.log
set_property PROBES.FILE {} [get_hw_devices xc7a100t_0]
set_property FULL_PROBES.FILE {} [get_hw_devices xc7a100t_0]
set_property PROGRAM.FILE {C:/Users/JideO/Downloads/PongGame0/lab5_1.runs/impl_1/game_tp.bit} [get_hw_devices xc7a100t_0]
program_hw_devices [get_hw_devices xc7a100t_0]
INFO: [Labtools 27-3164] End of startup status: HIGH
program_hw_devices: Time (s): cpu = 00:00:04 ; elapsed = 00:00:41 . Memory (MB): peak = 4245.961 ; gain = 0.992
refresh_hw_device [lindex [get_hw_devices xc7a100t_0] 0]
INFO: [Labtools 27-1434] Device xc7a100t (JTAG device index = 0) is programmed with a design that has no supported debug core(s) in it.
refresh_hw_device: Time (s): cpu = 00:00:03 ; elapsed = 00:00:51 . Memory (MB): peak = 4245.961 ; gain = 0.000
reset_run synth_1
INFO: [Project 1-1161] Replacing file C:/Users/JideO/Downloads/lab5_1/lab5_1.srcs/utils_1/imports/synth_1/game_top.dcp with file C:/Users/JideO/Downloads/PongGame0/lab5_1.runs/synth_1/game_tp.dcp
launch_runs impl_1 -to_step write_bitstream -jobs 8
[Fri Apr  1 21:32:17 2022] Launched synth_1...
Run output will be captured here: C:/Users/JideO/Downloads/PongGame0/lab5_1.runs/synth_1/runme.log
[Fri Apr  1 21:32:17 2022] Launched impl_1...
Run output will be captured here: C:/Users/JideO/Downloads/PongGame0/lab5_1.runs/impl_1/runme.log
set_property PROBES.FILE {} [get_hw_devices xc7a100t_0]
set_property FULL_PROBES.FILE {} [get_hw_devices xc7a100t_0]
set_property PROGRAM.FILE {C:/Users/JideO/Downloads/PongGame0/lab5_1.runs/impl_1/game_tp.bit} [get_hw_devices xc7a100t_0]
program_hw_devices [get_hw_devices xc7a100t_0]
INFO: [Labtools 27-3164] End of startup status: HIGH
program_hw_devices: Time (s): cpu = 00:00:04 ; elapsed = 00:00:44 . Memory (MB): peak = 4246.133 ; gain = 0.172
refresh_hw_device [lindex [get_hw_devices xc7a100t_0] 0]
INFO: [Labtools 27-1434] Device xc7a100t (JTAG device index = 0) is programmed with a design that has no supported debug core(s) in it.
refresh_hw_device: Time (s): cpu = 00:00:01 ; elapsed = 00:00:51 . Memory (MB): peak = 4246.133 ; gain = 0.000
reset_run synth_1
INFO: [Project 1-1161] Replacing file C:/Users/JideO/Downloads/lab5_1/lab5_1.srcs/utils_1/imports/synth_1/game_top.dcp with file C:/Users/JideO/Downloads/PongGame0/lab5_1.runs/synth_1/game_tp.dcp
launch_runs impl_1 -to_step write_bitstream -jobs 8
[Fri Apr  1 22:21:24 2022] Launched synth_1...
Run output will be captured here: C:/Users/JideO/Downloads/PongGame0/lab5_1.runs/synth_1/runme.log
[Fri Apr  1 22:21:24 2022] Launched impl_1...
Run output will be captured here: C:/Users/JideO/Downloads/PongGame0/lab5_1.runs/impl_1/runme.log
set_property PROBES.FILE {} [get_hw_devices xc7a100t_0]
set_property FULL_PROBES.FILE {} [get_hw_devices xc7a100t_0]
set_property PROGRAM.FILE {C:/Users/JideO/Downloads/PongGame0/lab5_1.runs/impl_1/game_tp.bit} [get_hw_devices xc7a100t_0]
program_hw_devices [get_hw_devices xc7a100t_0]
INFO: [Labtools 27-3164] End of startup status: HIGH
program_hw_devices: Time (s): cpu = 00:00:02 ; elapsed = 00:00:08 . Memory (MB): peak = 4247.402 ; gain = 0.000
refresh_hw_device [lindex [get_hw_devices xc7a100t_0] 0]
INFO: [Labtools 27-1434] Device xc7a100t (JTAG device index = 0) is programmed with a design that has no supported debug core(s) in it.
reset_run synth_1
INFO: [Project 1-1161] Replacing file C:/Users/JideO/Downloads/lab5_1/lab5_1.srcs/utils_1/imports/synth_1/game_top.dcp with file C:/Users/JideO/Downloads/PongGame0/lab5_1.runs/synth_1/game_tp.dcp
launch_runs impl_1 -to_step write_bitstream -jobs 8
[Fri Apr  1 22:31:27 2022] Launched synth_1...
Run output will be captured here: C:/Users/JideO/Downloads/PongGame0/lab5_1.runs/synth_1/runme.log
[Fri Apr  1 22:31:27 2022] Launched impl_1...
Run output will be captured here: C:/Users/JideO/Downloads/PongGame0/lab5_1.runs/impl_1/runme.log
set_property PROBES.FILE {} [get_hw_devices xc7a100t_0]
set_property FULL_PROBES.FILE {} [get_hw_devices xc7a100t_0]
set_property PROGRAM.FILE {C:/Users/JideO/Downloads/PongGame0/lab5_1.runs/impl_1/game_tp.bit} [get_hw_devices xc7a100t_0]
program_hw_devices [get_hw_devices xc7a100t_0]
INFO: [Labtools 27-3164] End of startup status: HIGH
program_hw_devices: Time (s): cpu = 00:00:03 ; elapsed = 00:00:12 . Memory (MB): peak = 4247.402 ; gain = 0.000
refresh_hw_device [lindex [get_hw_devices xc7a100t_0] 0]
INFO: [Labtools 27-1434] Device xc7a100t (JTAG device index = 0) is programmed with a design that has no supported debug core(s) in it.
reset_run synth_1
INFO: [Project 1-1161] Replacing file C:/Users/JideO/Downloads/lab5_1/lab5_1.srcs/utils_1/imports/synth_1/game_top.dcp with file C:/Users/JideO/Downloads/PongGame0/lab5_1.runs/synth_1/game_tp.dcp
launch_runs impl_1 -to_step write_bitstream -jobs 8
[Fri Apr  1 22:44:14 2022] Launched synth_1...
Run output will be captured here: C:/Users/JideO/Downloads/PongGame0/lab5_1.runs/synth_1/runme.log
[Fri Apr  1 22:44:14 2022] Launched impl_1...
Run output will be captured here: C:/Users/JideO/Downloads/PongGame0/lab5_1.runs/impl_1/runme.log
set_property PROBES.FILE {} [get_hw_devices xc7a100t_0]
set_property FULL_PROBES.FILE {} [get_hw_devices xc7a100t_0]
set_property PROGRAM.FILE {C:/Users/JideO/Downloads/PongGame0/lab5_1.runs/impl_1/game_tp.bit} [get_hw_devices xc7a100t_0]
program_hw_devices [get_hw_devices xc7a100t_0]
INFO: [Labtools 27-3164] End of startup status: HIGH
program_hw_devices: Time (s): cpu = 00:00:03 ; elapsed = 00:00:35 . Memory (MB): peak = 4249.766 ; gain = 0.781
refresh_hw_device [lindex [get_hw_devices xc7a100t_0] 0]
INFO: [Labtools 27-1434] Device xc7a100t (JTAG device index = 0) is programmed with a design that has no supported debug core(s) in it.
reset_run synth_1
INFO: [Project 1-1161] Replacing file C:/Users/JideO/Downloads/lab5_1/lab5_1.srcs/utils_1/imports/synth_1/game_top.dcp with file C:/Users/JideO/Downloads/PongGame0/lab5_1.runs/synth_1/game_tp.dcp
launch_runs impl_1 -to_step write_bitstream -jobs 8
[Fri Apr  1 22:55:14 2022] Launched synth_1...
Run output will be captured here: C:/Users/JideO/Downloads/PongGame0/lab5_1.runs/synth_1/runme.log
[Fri Apr  1 22:55:14 2022] Launched impl_1...
Run output will be captured here: C:/Users/JideO/Downloads/PongGame0/lab5_1.runs/impl_1/runme.log
reset_run synth_1
launch_runs impl_1 -to_step write_bitstream -jobs 8
[Fri Apr  1 22:57:10 2022] Launched synth_1...
Run output will be captured here: C:/Users/JideO/Downloads/PongGame0/lab5_1.runs/synth_1/runme.log
[Fri Apr  1 22:57:10 2022] Launched impl_1...
Run output will be captured here: C:/Users/JideO/Downloads/PongGame0/lab5_1.runs/impl_1/runme.log
set_property PROBES.FILE {} [get_hw_devices xc7a100t_0]
set_property FULL_PROBES.FILE {} [get_hw_devices xc7a100t_0]
set_property PROGRAM.FILE {C:/Users/JideO/Downloads/PongGame0/lab5_1.runs/impl_1/game_tp.bit} [get_hw_devices xc7a100t_0]
program_hw_devices [get_hw_devices xc7a100t_0]
INFO: [Labtools 27-3164] End of startup status: HIGH
program_hw_devices: Time (s): cpu = 00:00:04 ; elapsed = 00:00:33 . Memory (MB): peak = 4250.863 ; gain = 1.098
refresh_hw_device [lindex [get_hw_devices xc7a100t_0] 0]
INFO: [Labtools 27-1434] Device xc7a100t (JTAG device index = 0) is programmed with a design that has no supported debug core(s) in it.
refresh_hw_device: Time (s): cpu = 00:00:02 ; elapsed = 00:00:51 . Memory (MB): peak = 4250.863 ; gain = 0.000
set_property PROBES.FILE {} [get_hw_devices xc7a100t_0]
set_property FULL_PROBES.FILE {} [get_hw_devices xc7a100t_0]
set_property PROGRAM.FILE {C:/Users/JideO/Downloads/PongGame0/lab5_1.runs/impl_1/game_tp.bit} [get_hw_devices xc7a100t_0]
program_hw_devices [get_hw_devices xc7a100t_0]
INFO: [Common 17-41] Interrupt caught. Command should exit soon.
ERROR: [Labtools 27-3419] Disconnecting from hw_server since it's not responding to requests.  It is recommended to investigate hw_server to find any issues.
ERROR: [Xicom 50-224] Failed to get JTAG register list: Invalid URL: .
INFO: [Labtools 27-3164] End of startup status: HIGH
program_hw_devices: Time (s): cpu = 00:00:00 ; elapsed = 00:00:25 . Memory (MB): peak = 4250.863 ; gain = 0.000
INFO: [Common 17-344] 'program_hw_devices' was cancelled
ERROR: [Labtoolstcl 44-695] HW Server shut down, disconnecting from server: localhost:3121
connect_hw_server -allow_non_jtag
INFO: [Labtools 27-2285] Connecting to hw_server url TCP:localhost:3121
INFO: [Labtools 27-3415] Connecting to cs_server url TCP:localhost:3042
INFO: [Labtools 27-3417] Launching cs_server...
INFO: [Labtools 27-2221] Launch Output:


******** Xilinx cs_server v2021.2.0
  ****** Build date   : Sep 27 2021-22:44:20
    **** Build number : 2021.2.1632779060
      ** Copyright 2017-2022 Xilinx, Inc. All Rights Reserved.



connect_hw_server: Time (s): cpu = 00:00:03 ; elapsed = 00:01:18 . Memory (MB): peak = 4251.324 ; gain = 0.461
open_hw_target
INFO: [Labtoolstcl 44-466] Opening hw_target localhost:3121/xilinx_tcf/Digilent/210292ABFA4AA
open_hw_target: Time (s): cpu = 00:00:02 ; elapsed = 00:00:50 . Memory (MB): peak = 4251.324 ; gain = 0.000
set_property PROGRAM.FILE {C:/Users/JideO/Downloads/PongGame0/lab5_1.runs/impl_1/game_tp.bit} [get_hw_devices xc7a100t_0]
current_hw_device [get_hw_devices xc7a100t_0]
refresh_hw_device -update_hw_probes false [lindex [get_hw_devices xc7a100t_0] 0]
INFO: [Labtools 27-1434] Device xc7a100t (JTAG device index = 0) is programmed with a design that has no supported debug core(s) in it.
refresh_hw_device: Time (s): cpu = 00:00:01 ; elapsed = 00:00:50 . Memory (MB): peak = 4251.324 ; gain = 0.000
reset_run synth_1
INFO: [Project 1-1161] Replacing file C:/Users/JideO/Downloads/lab5_1/lab5_1.srcs/utils_1/imports/synth_1/game_top.dcp with file C:/Users/JideO/Downloads/PongGame0/lab5_1.runs/synth_1/game_tp.dcp
launch_runs impl_1 -to_step write_bitstream -jobs 8
[Fri Apr  1 23:07:52 2022] Launched synth_1...
Run output will be captured here: C:/Users/JideO/Downloads/PongGame0/lab5_1.runs/synth_1/runme.log
[Fri Apr  1 23:07:52 2022] Launched impl_1...
Run output will be captured here: C:/Users/JideO/Downloads/PongGame0/lab5_1.runs/impl_1/runme.log
set_property PROBES.FILE {} [get_hw_devices xc7a100t_0]
set_property FULL_PROBES.FILE {} [get_hw_devices xc7a100t_0]
set_property PROGRAM.FILE {C:/Users/JideO/Downloads/PongGame0/lab5_1.runs/impl_1/game_tp.bit} [get_hw_devices xc7a100t_0]
program_hw_devices [get_hw_devices xc7a100t_0]
INFO: [Labtools 27-3164] End of startup status: HIGH
program_hw_devices: Time (s): cpu = 00:00:02 ; elapsed = 00:00:24 . Memory (MB): peak = 4251.324 ; gain = 0.000
refresh_hw_device [lindex [get_hw_devices xc7a100t_0] 0]
INFO: [Labtools 27-1434] Device xc7a100t (JTAG device index = 0) is programmed with a design that has no supported debug core(s) in it.
refresh_hw_device: Time (s): cpu = 00:00:02 ; elapsed = 00:00:51 . Memory (MB): peak = 4251.324 ; gain = 0.000
reset_run synth_1
INFO: [Project 1-1161] Replacing file C:/Users/JideO/Downloads/lab5_1/lab5_1.srcs/utils_1/imports/synth_1/game_top.dcp with file C:/Users/JideO/Downloads/PongGame0/lab5_1.runs/synth_1/game_tp.dcp
launch_runs impl_1 -to_step write_bitstream -jobs 8
[Fri Apr  1 23:29:00 2022] Launched synth_1...
Run output will be captured here: C:/Users/JideO/Downloads/PongGame0/lab5_1.runs/synth_1/runme.log
[Fri Apr  1 23:29:00 2022] Launched impl_1...
Run output will be captured here: C:/Users/JideO/Downloads/PongGame0/lab5_1.runs/impl_1/runme.log
set_property PROBES.FILE {} [get_hw_devices xc7a100t_0]
set_property FULL_PROBES.FILE {} [get_hw_devices xc7a100t_0]
set_property PROGRAM.FILE {C:/Users/JideO/Downloads/PongGame0/lab5_1.runs/impl_1/game_tp.bit} [get_hw_devices xc7a100t_0]
program_hw_devices [get_hw_devices xc7a100t_0]
INFO: [Labtools 27-3164] End of startup status: HIGH
program_hw_devices: Time (s): cpu = 00:00:03 ; elapsed = 00:00:17 . Memory (MB): peak = 4251.324 ; gain = 0.000
refresh_hw_device [lindex [get_hw_devices xc7a100t_0] 0]
INFO: [Labtools 27-1434] Device xc7a100t (JTAG device index = 0) is programmed with a design that has no supported debug core(s) in it.
refresh_hw_device: Time (s): cpu = 00:00:02 ; elapsed = 00:00:51 . Memory (MB): peak = 4251.324 ; gain = 0.000
reset_run synth_1
INFO: [Project 1-1161] Replacing file C:/Users/JideO/Downloads/lab5_1/lab5_1.srcs/utils_1/imports/synth_1/game_top.dcp with file C:/Users/JideO/Downloads/PongGame0/lab5_1.runs/synth_1/game_tp.dcp
launch_runs impl_1 -to_step write_bitstream -jobs 8
[Fri Apr  1 23:34:17 2022] Launched synth_1...
Run output will be captured here: C:/Users/JideO/Downloads/PongGame0/lab5_1.runs/synth_1/runme.log
[Fri Apr  1 23:34:17 2022] Launched impl_1...
Run output will be captured here: C:/Users/JideO/Downloads/PongGame0/lab5_1.runs/impl_1/runme.log
set_property PROBES.FILE {} [get_hw_devices xc7a100t_0]
set_property FULL_PROBES.FILE {} [get_hw_devices xc7a100t_0]
set_property PROGRAM.FILE {C:/Users/JideO/Downloads/PongGame0/lab5_1.runs/impl_1/game_tp.bit} [get_hw_devices xc7a100t_0]
program_hw_devices [get_hw_devices xc7a100t_0]
INFO: [Labtools 27-3164] End of startup status: HIGH
program_hw_devices: Time (s): cpu = 00:00:03 ; elapsed = 00:00:06 . Memory (MB): peak = 4251.324 ; gain = 0.000
refresh_hw_device [lindex [get_hw_devices xc7a100t_0] 0]
INFO: [Labtools 27-1434] Device xc7a100t (JTAG device index = 0) is programmed with a design that has no supported debug core(s) in it.
refresh_hw_device: Time (s): cpu = 00:00:01 ; elapsed = 00:00:51 . Memory (MB): peak = 4251.324 ; gain = 0.000
ERROR: [Labtoolstcl 44-513] HW Target shutdown. Closing target: localhost:3121/xilinx_tcf/Digilent/210292ABFA4AA
exit
INFO: [Common 17-206] Exiting Vivado at Sat Apr  2 11:28:10 2022...
